@storybook/cli v7.0.21

info => Cleaning outputDir: C:\Users\johsve\AppData\Local\Temp\chromatic--25744-b1zVqqNo7tqW
info => Loading presets
info => Building manager..
info => Manager built (565 ms)
info => Copying static files: C:\Users\johsve\Documents\DesignSystem_StoryBook6.0\node_modules\@storybook\manager\static at C:\Users\johsve\AppData\Local\Temp\chromatic--25744-b1zVqqNo7tqW\sb-common-assets
[addon-coverage] Adding istanbul plugin to vite config
[36mvite v4.3.9 [32mbuilding for production...[36m[39m

./sb-common-assets/fonts.css doesn't exist at build time, it will remain unchanged to be resolved at runtime
transforming...
node_modules/telejson/dist/index.mjs (1394:15) Use of eval in "node_modules/telejson/dist/index.mjs" is strongly discouraged as it poses security risks and may cause issues with minification.
node_modules/telejson/dist/index.mjs (1397:18) Use of eval in "node_modules/telejson/dist/index.mjs" is strongly discouraged as it poses security risks and may cause issues with minification.
[32m✓[39m 1393 modules transformed.
rendering chunks...
computing gzip size...
[2m../../AppData/Local/Temp/chromatic--25744-b1zVqqNo7tqW/[22m[32miframe.html                                                                 [39m[1m[2m   12.86 kB[22m[1m[22m[2m │ gzip:   3.58 kB[22m
[2m../../AppData/Local/Temp/chromatic--25744-b1zVqqNo7tqW/[22m[36massets/index-d475d2ea.js                                                    [39m[1m[2m    0.21 kB[22m[1m[22m[2m │ gzip:   0.17 kB[22m[2m │ map:     0.82 kB[22m
[2m../../AppData/Local/Temp/chromatic--25744-b1zVqqNo7tqW/[22m[36massets/index-186b3228.js                                                    [39m[1m[2m    0.25 kB[22m[1m[22m[2m │ gzip:   0.20 kB[22m[2m │ map:     0.10 kB[22m
[2m../../AppData/Local/Temp/chromatic--25744-b1zVqqNo7tqW/[22m[36massets/emotion-use-insertion-effect-with-fallbacks.browser.esm-ae8e40e8.js  [39m[1m[2m    0.27 kB[22m[1m[22m[2m │ gzip:   0.23 kB[22m[2m │ map:     1.14 kB[22m
[2m../../AppData/Local/Temp/chromatic--25744-b1zVqqNo7tqW/[22m[36massets/extends-34e645d9.js                                                  [39m[1m[2m    0.41 kB[22m[1m[22m[2m │ gzip:   0.30 kB[22m[2m │ map:     0.98 kB[22m
[2m../../AppData/Local/Temp/chromatic--25744-b1zVqqNo7tqW/[22m[36massets/index-1d576ef5.js                                                    [39m[1m[2m    0.53 kB[22m[1m[22m[2m │ gzip:   0.34 kB[22m[2m │ map:     4.27 kB[22m
[2m../../AppData/Local/Temp/chromatic--25744-b1zVqqNo7tqW/[22m[36massets/react-18-3c0d50f5.js                                                 [39m[1m[2m    0.59 kB[22m[1m[22m[2m │ gzip:   0.38 kB[22m[2m │ map:     2.61 kB[22m
[2m../../AppData/Local/Temp/chromatic--25744-b1zVqqNo7tqW/[22m[36massets/WithTooltip-FBT32F6Q-78ce5674.js                                     [39m[1m[2m    0.63 kB[22m[1m[22m[2m │ gzip:   0.35 kB[22m[2m │ map:     0.11 kB[22m
[2m../../AppData/Local/Temp/chromatic--25744-b1zVqqNo7tqW/[22m[36massets/preview-2e3527f6.js                                                  [39m[1m[2m    0.63 kB[22m[1m[22m[2m │ gzip:   0.40 kB[22m[2m │ map:     2.31 kB[22m
[2m../../AppData/Local/Temp/chromatic--25744-b1zVqqNo7tqW/[22m[36massets/syntaxhighlighter-QTQ2UBB4-9069c483.js                               [39m[1m[2m    0.64 kB[22m[1m[22m[2m │ gzip:   0.38 kB[22m[2m │ map:     0.12 kB[22m
[2m../../AppData/Local/Temp/chromatic--25744-b1zVqqNo7tqW/[22m[36massets/preview-5ef354f3.js                                                  [39m[1m[2m    0.69 kB[22m[1m[22m[2m │ gzip:   0.49 kB[22m[2m │ map:     3.86 kB[22m
[2m../../AppData/Local/Temp/chromatic--25744-b1zVqqNo7tqW/[22m[36massets/preview-294156c8.js                                                  [39m[1m[2m    0.72 kB[22m[1m[22m[2m │ gzip:   0.44 kB[22m[2m │ map:     0.55 kB[22m
[2m../../AppData/Local/Temp/chromatic--25744-b1zVqqNo7tqW/[22m[36massets/_commonjsHelpers-042e6b4d.js                                         [39m[1m[2m    0.78 kB[22m[1m[22m[2m │ gzip:   0.44 kB[22m[2m │ map:     0.11 kB[22m
[2m../../AppData/Local/Temp/chromatic--25744-b1zVqqNo7tqW/[22m[36massets/index-356e4a49.js                                                    [39m[1m[2m    0.81 kB[22m[1m[22m[2m │ gzip:   0.51 kB[22m[2m │ map:     3.25 kB[22m
[2m../../AppData/Local/Temp/chromatic--25744-b1zVqqNo7tqW/[22m[36massets/index-1fc0ca9a.js                                                    [39m[1m[2m    0.84 kB[22m[1m[22m[2m │ gzip:   0.55 kB[22m[2m │ map:     4.07 kB[22m
[2m../../AppData/Local/Temp/chromatic--25744-b1zVqqNo7tqW/[22m[36massets/preview-b1164a2e.js                                                  [39m[1m[2m    0.88 kB[22m[1m[22m[2m │ gzip:   0.58 kB[22m[2m │ map:     2.87 kB[22m
[2m../../AppData/Local/Temp/chromatic--25744-b1zVqqNo7tqW/[22m[36massets/jsx-runtime-91a467a5.js                                              [39m[1m[2m    1.02 kB[22m[1m[22m[2m │ gzip:   0.64 kB[22m[2m │ map:     2.29 kB[22m
[2m../../AppData/Local/Temp/chromatic--25744-b1zVqqNo7tqW/[22m[36massets/preview-5693eeb9.js                                                  [39m[1m[2m    1.06 kB[22m[1m[22m[2m │ gzip:   0.69 kB[22m[2m │ map:     3.22 kB[22m
[2m../../AppData/Local/Temp/chromatic--25744-b1zVqqNo7tqW/[22m[36massets/uniq-4dce63e4.js                                                     [39m[1m[2m    1.20 kB[22m[1m[22m[2m │ gzip:   0.69 kB[22m[2m │ map:    10.87 kB[22m
[2m../../AppData/Local/Temp/chromatic--25744-b1zVqqNo7tqW/[22m[36massets/DocsRenderer-EYKKDMVH-406acb7d.js                                    [39m[1m[2m    1.47 kB[22m[1m[22m[2m │ gzip:   0.79 kB[22m[2m │ map:     2.54 kB[22m
[2m../../AppData/Local/Temp/chromatic--25744-b1zVqqNo7tqW/[22m[36massets/Intro-52b82a0e.js                                                    [39m[1m[2m    1.61 kB[22m[1m[22m[2m │ gzip:   0.78 kB[22m[2m │ map:     1.58 kB[22m
[2m../../AppData/Local/Temp/chromatic--25744-b1zVqqNo7tqW/[22m[36massets/chunk-OPEUWD42-a3b45fd8.js                                           [39m[1m[2m    1.88 kB[22m[1m[22m[2m │ gzip:   1.03 kB[22m[2m │ map:     8.93 kB[22m
[2m../../AppData/Local/Temp/chromatic--25744-b1zVqqNo7tqW/[22m[36massets/Avatar-f12118ca.js                                                   [39m[1m[2m    2.55 kB[22m[1m[22m[2m │ gzip:   1.17 kB[22m[2m │ map:     3.77 kB[22m
[2m../../AppData/Local/Temp/chromatic--25744-b1zVqqNo7tqW/[22m[36massets/index-d37d4223.js                                                    [39m[1m[2m    2.63 kB[22m[1m[22m[2m │ gzip:   1.30 kB[22m[2m │ map:     7.46 kB[22m
[2m../../AppData/Local/Temp/chromatic--25744-b1zVqqNo7tqW/[22m[36massets/preview-770cc08b.js                                                  [39m[1m[2m    3.22 kB[22m[1m[22m[2m │ gzip:   1.39 kB[22m[2m │ map:    10.02 kB[22m
[2m../../AppData/Local/Temp/chromatic--25744-b1zVqqNo7tqW/[22m[36massets/Icon.stories-84d45740.js                                             [39m[1m[2m    3.29 kB[22m[1m[22m[2m │ gzip:   1.30 kB[22m[2m │ map:     0.14 kB[22m
[2m../../AppData/Local/Temp/chromatic--25744-b1zVqqNo7tqW/[22m[36massets/index-ab86d5bb.js                                                    [39m[1m[2m    4.92 kB[22m[1m[22m[2m │ gzip:   1.63 kB[22m[2m │ map:     5.15 kB[22m
[2m../../AppData/Local/Temp/chromatic--25744-b1zVqqNo7tqW/[22m[36massets/index-8db94870.js                                                    [39m[1m[2m    7.21 kB[22m[1m[22m[2m │ gzip:   2.95 kB[22m[2m │ map:    15.68 kB[22m
[2m../../AppData/Local/Temp/chromatic--25744-b1zVqqNo7tqW/[22m[36massets/preview-d8c963a4.js                                                  [39m[1m[2m    7.67 kB[22m[1m[22m[2m │ gzip:   1.60 kB[22m[2m │ map:    13.68 kB[22m
[2m../../AppData/Local/Temp/chromatic--25744-b1zVqqNo7tqW/[22m[36massets/preview-2cd4e1a1.js                                                  [39m[1m[2m    8.00 kB[22m[1m[22m[2m │ gzip:   3.04 kB[22m[2m │ map:    28.09 kB[22m
[2m../../AppData/Local/Temp/chromatic--25744-b1zVqqNo7tqW/[22m[36massets/iframe-938562ef.js                                                   [39m[1m[2m    8.30 kB[22m[1m[22m[2m │ gzip:   2.07 kB[22m[2m │ map:     6.43 kB[22m
[2m../../AppData/Local/Temp/chromatic--25744-b1zVqqNo7tqW/[22m[36massets/index-3639c647.js                                                    [39m[1m[2m   10.06 kB[22m[1m[22m[2m │ gzip:   3.66 kB[22m[2m │ map:    26.60 kB[22m
[2m../../AppData/Local/Temp/chromatic--25744-b1zVqqNo7tqW/[22m[36massets/GlobalScrollAreaStyles-XIHNDKUY-513f342a.js                          [39m[1m[2m   10.61 kB[22m[1m[22m[2m │ gzip:   2.44 kB[22m[2m │ map:    15.72 kB[22m
[2m../../AppData/Local/Temp/chromatic--25744-b1zVqqNo7tqW/[22m[36massets/polished.esm-2f0368bb.js                                             [39m[1m[2m   10.73 kB[22m[1m[22m[2m │ gzip:   3.85 kB[22m[2m │ map:   149.17 kB[22m
[2m../../AppData/Local/Temp/chromatic--25744-b1zVqqNo7tqW/[22m[36massets/preview-bc596eab.js                                                  [39m[1m[2m   11.13 kB[22m[1m[22m[2m │ gzip:   3.76 kB[22m[2m │ map:    41.78 kB[22m
[2m../../AppData/Local/Temp/chromatic--25744-b1zVqqNo7tqW/[22m[36massets/_baseIsEqual-62e1ad13.js                                             [39m[1m[2m   13.34 kB[22m[1m[22m[2m │ gzip:   5.44 kB[22m[2m │ map:    97.68 kB[22m
[2m../../AppData/Local/Temp/chromatic--25744-b1zVqqNo7tqW/[22m[36massets/index-890dd1b5.js                                                    [39m[1m[2m   13.55 kB[22m[1m[22m[2m │ gzip:   5.09 kB[22m[2m │ map:    53.06 kB[22m
[2m../../AppData/Local/Temp/chromatic--25744-b1zVqqNo7tqW/[22m[36massets/emotion-react-jsx-runtime.browser.esm-717d8bd1.js                    [39m[1m[2m   17.55 kB[22m[1m[22m[2m │ gzip:   7.09 kB[22m[2m │ map:   106.95 kB[22m
[2m../../AppData/Local/Temp/chromatic--25744-b1zVqqNo7tqW/[22m[36massets/Color-3YIJY6X7-9d807c36.js                                           [39m[1m[2m   17.79 kB[22m[1m[22m[2m │ gzip:   6.84 kB[22m[2m │ map:    59.47 kB[22m
[2m../../AppData/Local/Temp/chromatic--25744-b1zVqqNo7tqW/[22m[36massets/animation-6e762f3b.js                                                [39m[1m[2m   24.33 kB[22m[1m[22m[2m │ gzip:   1.54 kB[22m[2m │ map:     4.27 kB[22m
[2m../../AppData/Local/Temp/chromatic--25744-b1zVqqNo7tqW/[22m[36massets/styles-a8599bc9.js                                                   [39m[1m[2m   29.34 kB[22m[1m[22m[2m │ gzip:   2.79 kB[22m[2m │ map:    22.14 kB[22m
[2m../../AppData/Local/Temp/chromatic--25744-b1zVqqNo7tqW/[22m[36massets/preview-c70d9720.js                                                  [39m[1m[2m   43.58 kB[22m[1m[22m[2m │ gzip:   2.25 kB[22m[2m │ map:     3.44 kB[22m
[2m../../AppData/Local/Temp/chromatic--25744-b1zVqqNo7tqW/[22m[36massets/OverlayScrollbars-VAV6LJAB-2a407ecb.js                               [39m[1m[2m   59.18 kB[22m[1m[22m[2m │ gzip:  25.39 kB[22m[2m │ map:   277.35 kB[22m
[2m../../AppData/Local/Temp/chromatic--25744-b1zVqqNo7tqW/[22m[36massets/Badge.stories-123f82af.js                                            [39m[1m[2m   83.92 kB[22m[1m[22m[2m │ gzip:   3.91 kB[22m[2m │ map:     2.03 kB[22m
[2m../../AppData/Local/Temp/chromatic--25744-b1zVqqNo7tqW/[22m[36massets/Icon-85f8d355.js                                                     [39m[1m[2m  189.19 kB[22m[1m[22m[2m │ gzip:  55.43 kB[22m[2m │ map:   159.74 kB[22m
[2m../../AppData/Local/Temp/chromatic--25744-b1zVqqNo7tqW/[22m[36massets/index-d2f11229.js                                                    [39m[1m[2m  199.33 kB[22m[1m[22m[2m │ gzip:  61.42 kB[22m[2m │ map:   551.91 kB[22m
[2m../../AppData/Local/Temp/chromatic--25744-b1zVqqNo7tqW/[22m[36massets/config-5ae34be5.js                                                   [39m[1m[2m  213.32 kB[22m[1m[22m[2m │ gzip:  66.30 kB[22m[2m │ map:   800.90 kB[22m
[2m../../AppData/Local/Temp/chromatic--25744-b1zVqqNo7tqW/[22m[36massets/Avatar.stories-eca07d23.js                                           [39m[1m[2m  286.62 kB[22m[1m[22m[2m │ gzip:   6.72 kB[22m[2m │ map:    19.98 kB[22m
[2m../../AppData/Local/Temp/chromatic--25744-b1zVqqNo7tqW/[22m[36massets/index-59fda807.js                                                    [39m[1m[2m  491.95 kB[22m[1m[22m[2m │ gzip: 161.73 kB[22m[2m │ map: 1,276.27 kB[22m
[2m../../AppData/Local/Temp/chromatic--25744-b1zVqqNo7tqW/[22m[36massets/Link.stories-3d7a4037.js                                             [39m[1m[33m  530.03 kB[39m[22m[2m │ gzip:   7.83 kB[22m[2m │ map:    23.12 kB[22m
[2m../../AppData/Local/Temp/chromatic--25744-b1zVqqNo7tqW/[22m[36massets/axe-cfa7d87a.js                                                      [39m[1m[33m  535.60 kB[39m[22m[2m │ gzip: 146.94 kB[22m[2m │ map: 1,918.41 kB[22m
[2m../../AppData/Local/Temp/chromatic--25744-b1zVqqNo7tqW/[22m[36massets/formatter-S4K5WUZV-bceeef76.js                                       [39m[1m[33m  601.82 kB[39m[22m[2m │ gzip: 185.13 kB[22m[2m │ map: 1,314.27 kB[22m
[2m../../AppData/Local/Temp/chromatic--25744-b1zVqqNo7tqW/[22m[36massets/Button.stories-7c205ff1.js                                           [39m[1m[33m1,044.07 kB[39m[22m[2m │ gzip: 180.13 kB[22m[2m │ map: 1,774.40 kB[22m
[33m
(!) Some chunks are larger than 500 kBs after minification. Consider:
- Using dynamic import() to code-split the application
- Use build.rollupOptions.output.manualChunks to improve chunking: https://rollupjs.org/configuration-options/#output-manualchunks
- Adjust chunk size limit for this warning via build.chunkSizeWarningLimit.[39m
[32m✓ built in 22.05s[39m
info => Output directory: C:\Users\johsve\AppData\Local\Temp\chromatic--25744-b1zVqqNo7tqW
